<?xml version="1.0" encoding="UTF-8" standalone="yes" ?>
<test-results name="C:\Users\joaop\Desktop\BuscaCep\src\tests\Win32\Debug\ProjetoCepTest.exe" total="3" errors="0" failures="0" ignored="0" inconclusive="0" not-run="0" skipped="0" invalid="0" date="2026-04-30" time="10:58:13">
  <culture-info current-culture="en" current-uiculture="en" />
  <test-suite type="Assembly" name="ProjetoCepTest.exe" executed="true" result="Success" success="True" time="10:58:13" asserts="0">
    <results>
        <test-suite type="Namespace" name="ProviderFallbackTests" executed="true" result="Success" success="True" time="0.002" asserts="0" >
          <results>
              <test-suite type="Fixture" name="TProviderFallbackTests" executed="True" result="Success" success="True" time="0.002" >
                <results>
                  <test-case name="SucessoComFallback" executed="True" result="Success" success="True" time="0.000" asserts="0" />
                  <test-case name="FalhaProviders" executed="True" result="Success" success="True" time="0.000" asserts="0" />
                  <test-case name="SucessoProvider" executed="True" result="Success" success="True" time="0.000" asserts="0" />
                </results>
              </test-suite>
          </results>
        </test-suite>
    </results>
  </test-suite>
</test-results>
